
Gurobi 9.1.2 (mac64) logging started Mon Jun  7 14:20:27 2021

Academic license - for non-commercial use only - expires 2021-07-31
Warning: linear constraint 1 and linear constraint 2 have the same name "constraint2"
Gurobi Optimizer version 9.1.2 build v9.1.2rc0 (mac64)
Thread count: 4 physical cores, 8 logical processors, using up to 8 threads
Optimize a model with 9 rows, 72 columns and 78 nonzeros
Model fingerprint: 0xd1c18826
Variable types: 0 continuous, 72 integer (0 binary)
Coefficient statistics:
  Matrix range     [1e+00, 1e+00]
  Objective range  [0e+00, 0e+00]
  Bounds range     [0e+00, 0e+00]
  RHS range        [1e+00, 1e+00]
Presolve removed 7 rows and 72 columns
Presolve time: 0.00s

Explored 0 nodes (0 simplex iterations) in 0.00 seconds
Thread count was 1 (of 8 available processors)

Solution count 0

Model is infeasible
Best objective -, best bound -, gap -

Gurobi 9.1.2 (mac64) logging started Mon Jun  7 14:25:15 2021

Academic license - for non-commercial use only - expires 2021-07-31
Warning: linear constraint 1 and linear constraint 2 have the same name "constraint2"
Gurobi Optimizer version 9.1.2 build v9.1.2rc0 (mac64)
Thread count: 4 physical cores, 8 logical processors, using up to 8 threads
Optimize a model with 9 rows, 72 columns and 78 nonzeros
Model fingerprint: 0xd1c18826
Variable types: 0 continuous, 72 integer (0 binary)
Coefficient statistics:
  Matrix range     [1e+00, 1e+00]
  Objective range  [0e+00, 0e+00]
  Bounds range     [0e+00, 0e+00]
  RHS range        [1e+00, 1e+00]
Presolve removed 7 rows and 72 columns
Presolve time: 0.00s

Explored 0 nodes (0 simplex iterations) in 0.00 seconds
Thread count was 1 (of 8 available processors)

Solution count 0

Model is infeasible
Best objective -, best bound -, gap -

Gurobi 9.1.2 (mac64) logging started Mon Jun  7 15:02:41 2021

Academic license - for non-commercial use only - expires 2021-07-31
Warning: linear constraint 1 and linear constraint 2 have the same name "constraint2"
Gurobi Optimizer version 9.1.2 build v9.1.2rc0 (mac64)
Thread count: 4 physical cores, 8 logical processors, using up to 8 threads
Optimize a model with 9 rows, 72 columns and 78 nonzeros
Model fingerprint: 0xd1c18826
Variable types: 0 continuous, 72 integer (0 binary)
Coefficient statistics:
  Matrix range     [1e+00, 1e+00]
  Objective range  [0e+00, 0e+00]
  Bounds range     [0e+00, 0e+00]
  RHS range        [1e+00, 1e+00]
Presolve removed 7 rows and 72 columns
Presolve time: 0.00s

Explored 0 nodes (0 simplex iterations) in 0.00 seconds
Thread count was 1 (of 8 available processors)

Solution count 0

Model is infeasible
Best objective -, best bound -, gap -

Gurobi 9.1.2 (mac64) logging started Mon Jun  7 15:03:12 2021

Academic license - for non-commercial use only - expires 2021-07-31
Warning: linear constraint 1 and linear constraint 2 have the same name "constraint2"
Gurobi Optimizer version 9.1.2 build v9.1.2rc0 (mac64)
Thread count: 4 physical cores, 8 logical processors, using up to 8 threads
Optimize a model with 9 rows, 72 columns and 78 nonzeros
Model fingerprint: 0xd1c18826
Variable types: 0 continuous, 72 integer (0 binary)
Coefficient statistics:
  Matrix range     [1e+00, 1e+00]
  Objective range  [0e+00, 0e+00]
  Bounds range     [0e+00, 0e+00]
  RHS range        [1e+00, 1e+00]
Presolve removed 7 rows and 72 columns
Presolve time: 0.00s

Explored 0 nodes (0 simplex iterations) in 0.00 seconds
Thread count was 1 (of 8 available processors)

Solution count 0

Model is infeasible
Best objective -, best bound -, gap -

Gurobi 9.1.2 (mac64) logging started Mon Jun  7 15:04:59 2021

Academic license - for non-commercial use only - expires 2021-07-31
Warning: linear constraint 1 and linear constraint 2 have the same name "constraint2"
Gurobi Optimizer version 9.1.2 build v9.1.2rc0 (mac64)
Thread count: 4 physical cores, 8 logical processors, using up to 8 threads
Optimize a model with 9 rows, 72 columns and 78 nonzeros
Model fingerprint: 0xd1c18826
Variable types: 0 continuous, 72 integer (0 binary)
Coefficient statistics:
  Matrix range     [1e+00, 1e+00]
  Objective range  [0e+00, 0e+00]
  Bounds range     [0e+00, 0e+00]
  RHS range        [1e+00, 1e+00]
Presolve removed 7 rows and 72 columns
Presolve time: 0.00s

Explored 0 nodes (0 simplex iterations) in 0.00 seconds
Thread count was 1 (of 8 available processors)

Solution count 0

Model is infeasible
Best objective -, best bound -, gap -

Gurobi 9.1.2 (mac64) logging started Mon Jun  7 15:06:13 2021

Academic license - for non-commercial use only - expires 2021-07-31
Warning: linear constraint 1 and linear constraint 2 have the same name "constraint2"
Gurobi Optimizer version 9.1.2 build v9.1.2rc0 (mac64)
Thread count: 4 physical cores, 8 logical processors, using up to 8 threads
Optimize a model with 9 rows, 72 columns and 78 nonzeros
Model fingerprint: 0xd1c18826
Variable types: 0 continuous, 72 integer (0 binary)
Coefficient statistics:
  Matrix range     [1e+00, 1e+00]
  Objective range  [0e+00, 0e+00]
  Bounds range     [0e+00, 0e+00]
  RHS range        [1e+00, 1e+00]
Presolve removed 7 rows and 72 columns
Presolve time: 0.00s

Explored 0 nodes (0 simplex iterations) in 0.00 seconds
Thread count was 1 (of 8 available processors)

Solution count 0

Model is infeasible
Best objective -, best bound -, gap -

Gurobi 9.1.2 (mac64) logging started Mon Jun  7 15:11:56 2021

Academic license - for non-commercial use only - expires 2021-07-31
Warning: linear constraint 1 and linear constraint 2 have the same name "constraint2"
Gurobi Optimizer version 9.1.2 build v9.1.2rc0 (mac64)
Thread count: 4 physical cores, 8 logical processors, using up to 8 threads
Optimize a model with 8 rows, 72 columns and 76 nonzeros
Model fingerprint: 0x23a99c44
Variable types: 0 continuous, 72 integer (0 binary)
Coefficient statistics:
  Matrix range     [1e+00, 1e+00]
  Objective range  [0e+00, 0e+00]
  Bounds range     [0e+00, 0e+00]
  RHS range        [1e+00, 1e+00]
Presolve removed 7 rows and 72 columns
Presolve time: 0.00s

Explored 0 nodes (0 simplex iterations) in 0.00 seconds
Thread count was 1 (of 8 available processors)

Solution count 0

Model is infeasible
Best objective -, best bound -, gap -

Gurobi 9.1.2 (mac64) logging started Mon Jun  7 15:15:56 2021

Academic license - for non-commercial use only - expires 2021-07-31
Warning: linear constraint 1 and linear constraint 2 have the same name "constraint2"
Gurobi Optimizer version 9.1.2 build v9.1.2rc0 (mac64)
Thread count: 4 physical cores, 8 logical processors, using up to 8 threads
Optimize a model with 8 rows, 72 columns and 76 nonzeros
Model fingerprint: 0x23a99c44
Variable types: 0 continuous, 72 integer (0 binary)
Coefficient statistics:
  Matrix range     [1e+00, 1e+00]
  Objective range  [0e+00, 0e+00]
  Bounds range     [0e+00, 0e+00]
  RHS range        [1e+00, 1e+00]
Presolve removed 7 rows and 72 columns
Presolve time: 0.00s

Explored 0 nodes (0 simplex iterations) in 0.01 seconds
Thread count was 1 (of 8 available processors)

Solution count 0

Model is infeasible
Best objective -, best bound -, gap -

Gurobi 9.1.2 (mac64) logging started Mon Jun  7 15:16:48 2021

Academic license - for non-commercial use only - expires 2021-07-31
Warning: linear constraint 1 and linear constraint 2 have the same name "constraint2"
Gurobi Optimizer version 9.1.2 build v9.1.2rc0 (mac64)
Thread count: 4 physical cores, 8 logical processors, using up to 8 threads
Optimize a model with 8 rows, 72 columns and 76 nonzeros
Model fingerprint: 0xd01143f4
Variable types: 0 continuous, 72 integer (0 binary)
Coefficient statistics:
  Matrix range     [1e+00, 1e+00]
  Objective range  [0e+00, 0e+00]
  Bounds range     [0e+00, 0e+00]
  RHS range        [1e+00, 1e+00]
Found heuristic solution: objective 0.0000000

Explored 0 nodes (0 simplex iterations) in 0.00 seconds
Thread count was 1 (of 8 available processors)

Solution count 1: 0 

Optimal solution found (tolerance 1.00e-04)
Best objective 0.000000000000e+00, best bound 0.000000000000e+00, gap 0.0000%

Gurobi 9.1.2 (mac64) logging started Mon Jun  7 15:20:39 2021

Academic license - for non-commercial use only - expires 2021-07-31
Warning: linear constraint 1 and linear constraint 2 have the same name "constraint2"
Gurobi Optimizer version 9.1.2 build v9.1.2rc0 (mac64)
Thread count: 4 physical cores, 8 logical processors, using up to 8 threads
Optimize a model with 8 rows, 72 columns and 76 nonzeros
Model fingerprint: 0x5aa369c1
Variable types: 0 continuous, 72 integer (0 binary)
Coefficient statistics:
  Matrix range     [1e+00, 1e+00]
  Objective range  [0e+00, 0e+00]
  Bounds range     [1e+00, 1e+00]
  RHS range        [1e+00, 1e+00]
Found heuristic solution: objective 0.0000000

Explored 0 nodes (0 simplex iterations) in 0.00 seconds
Thread count was 1 (of 8 available processors)

Solution count 1: 0 

Optimal solution found (tolerance 1.00e-04)
Best objective 0.000000000000e+00, best bound 0.000000000000e+00, gap 0.0000%

Gurobi 9.1.2 (mac64) logging started Mon Jun  7 15:28:03 2021

Academic license - for non-commercial use only - expires 2021-07-31

Gurobi 9.1.2 (mac64) logging started Mon Jun  7 15:28:42 2021

Academic license - for non-commercial use only - expires 2021-07-31
Warning: linear constraint 1 and linear constraint 2 have the same name "constraint2"
Gurobi Optimizer version 9.1.2 build v9.1.2rc0 (mac64)
Thread count: 4 physical cores, 8 logical processors, using up to 8 threads
Optimize a model with 8 rows, 72 columns and 76 nonzeros
Model fingerprint: 0x5aa369c1
Variable types: 0 continuous, 72 integer (0 binary)
Coefficient statistics:
  Matrix range     [1e+00, 1e+00]
  Objective range  [0e+00, 0e+00]
  Bounds range     [1e+00, 1e+00]
  RHS range        [1e+00, 1e+00]
Found heuristic solution: objective 0.0000000

Explored 0 nodes (0 simplex iterations) in 0.00 seconds
Thread count was 1 (of 8 available processors)

Solution count 1: 0 

Optimal solution found (tolerance 1.00e-04)
Best objective 0.000000000000e+00, best bound 0.000000000000e+00, gap 0.0000%

Gurobi 9.1.2 (mac64) logging started Mon Jun  7 15:34:17 2021

Academic license - for non-commercial use only - expires 2021-07-31

Gurobi 9.1.2 (mac64) logging started Mon Jun  7 15:36:01 2021

Academic license - for non-commercial use only - expires 2021-07-31

Gurobi 9.1.2 (mac64) logging started Mon Jun  7 15:37:09 2021

Academic license - for non-commercial use only - expires 2021-07-31
Warning: linear constraint 1 and linear constraint 2 have the same name "constraint2"
Gurobi Optimizer version 9.1.2 build v9.1.2rc0 (mac64)
Thread count: 4 physical cores, 8 logical processors, using up to 8 threads
Optimize a model with 8 rows, 72 columns and 76 nonzeros
Model fingerprint: 0x3cdf1a03
Variable types: 0 continuous, 72 integer (0 binary)
Coefficient statistics:
  Matrix range     [1e+00, 1e+00]
  Objective range  [1e+00, 1e+00]
  Bounds range     [1e+00, 1e+00]
  RHS range        [1e+00, 1e+00]
Found heuristic solution: objective 52.0000000
Presolve removed 8 rows and 72 columns
Presolve time: 0.01s
Presolve: All rows and columns removed

Explored 0 nodes (0 simplex iterations) in 0.01 seconds
Thread count was 1 (of 8 available processors)

Solution count 1: 52 

Optimal solution found (tolerance 1.00e-04)
Best objective 5.200000000000e+01, best bound 5.200000000000e+01, gap 0.0000%

Gurobi 9.1.2 (mac64) logging started Mon Jun  7 15:38:26 2021

Academic license - for non-commercial use only - expires 2021-07-31
Warning: linear constraint 1 and linear constraint 2 have the same name "constraint2"
Gurobi Optimizer version 9.1.2 build v9.1.2rc0 (mac64)
Thread count: 4 physical cores, 8 logical processors, using up to 8 threads
Optimize a model with 8 rows, 72 columns and 76 nonzeros
Model fingerprint: 0x3cdf1a03
Variable types: 0 continuous, 72 integer (0 binary)
Coefficient statistics:
  Matrix range     [1e+00, 1e+00]
  Objective range  [1e+00, 1e+00]
  Bounds range     [1e+00, 1e+00]
  RHS range        [1e+00, 1e+00]
Found heuristic solution: objective 52.0000000
Presolve removed 8 rows and 72 columns
Presolve time: 0.00s
Presolve: All rows and columns removed

Explored 0 nodes (0 simplex iterations) in 0.01 seconds
Thread count was 1 (of 8 available processors)

Solution count 1: 52 

Optimal solution found (tolerance 1.00e-04)
Best objective 5.200000000000e+01, best bound 5.200000000000e+01, gap 0.0000%

Gurobi 9.1.2 (mac64) logging started Mon Jun  7 15:44:38 2021

Academic license - for non-commercial use only - expires 2021-07-31
Warning: linear constraint 1 and linear constraint 2 have the same name "constraint2"
Gurobi Optimizer version 9.1.2 build v9.1.2rc0 (mac64)
Thread count: 4 physical cores, 8 logical processors, using up to 8 threads
Optimize a model with 8 rows, 72 columns and 76 nonzeros
Model fingerprint: 0xf6b56842
Variable types: 0 continuous, 72 integer (0 binary)
Coefficient statistics:
  Matrix range     [1e+00, 1e+00]
  Objective range  [1e+00, 1e+00]
  Bounds range     [0e+00, 0e+00]
  RHS range        [1e+00, 1e+00]
Found heuristic solution: objective 2.0000000
Presolve removed 8 rows and 72 columns
Presolve time: 0.02s
Presolve: All rows and columns removed

Explored 0 nodes (0 simplex iterations) in 0.03 seconds
Thread count was 1 (of 8 available processors)

Solution count 1: 2 

Optimal solution found (tolerance 1.00e-04)
Best objective 2.000000000000e+00, best bound 2.000000000000e+00, gap 0.0000%

Gurobi 9.1.2 (mac64) logging started Mon Jun  7 15:46:14 2021

Academic license - for non-commercial use only - expires 2021-07-31
Warning: linear constraint 1 and linear constraint 2 have the same name "constraint2"
Gurobi Optimizer version 9.1.2 build v9.1.2rc0 (mac64)
Thread count: 4 physical cores, 8 logical processors, using up to 8 threads
Optimize a model with 8 rows, 72 columns and 76 nonzeros
Model fingerprint: 0xf6b56842
Variable types: 0 continuous, 72 integer (0 binary)
Coefficient statistics:
  Matrix range     [1e+00, 1e+00]
  Objective range  [1e+00, 1e+00]
  Bounds range     [0e+00, 0e+00]
  RHS range        [1e+00, 1e+00]
Found heuristic solution: objective 2.0000000
Presolve removed 8 rows and 72 columns
Presolve time: 0.01s
Presolve: All rows and columns removed

Explored 0 nodes (0 simplex iterations) in 0.01 seconds
Thread count was 1 (of 8 available processors)

Solution count 1: 2 

Optimal solution found (tolerance 1.00e-04)
Best objective 2.000000000000e+00, best bound 2.000000000000e+00, gap 0.0000%

Gurobi 9.1.2 (mac64) logging started Mon Jun  7 15:47:18 2021

Academic license - for non-commercial use only - expires 2021-07-31
Warning: linear constraint 1 and linear constraint 2 have the same name "constraint2"
Gurobi Optimizer version 9.1.2 build v9.1.2rc0 (mac64)
Thread count: 4 physical cores, 8 logical processors, using up to 8 threads
Optimize a model with 79 rows, 1862 columns and 2102 nonzeros
Model fingerprint: 0x1fc9756e
Variable types: 0 continuous, 1862 integer (0 binary)
Coefficient statistics:
  Matrix range     [1e+00, 1e+00]
  Objective range  [1e+00, 1e+00]
  Bounds range     [0e+00, 0e+00]
  RHS range        [1e+00, 1e+00]
Found heuristic solution: objective 2.0000000
Presolve removed 24 rows and 1592 columns
Presolve time: 0.03s
Presolved: 55 rows, 270 columns, 472 nonzeros
Variable types: 0 continuous, 270 integer (0 binary)

Root relaxation: cutoff, 12 iterations, 0.00 seconds

    Nodes    |    Current Node    |     Objective Bounds      |     Work
 Expl Unexpl |  Obj  Depth IntInf | Incumbent    BestBd   Gap | It/Node Time

     0     0     cutoff    0         2.00000    2.00000  0.00%     -    0s

Explored 0 nodes (12 simplex iterations) in 0.04 seconds
Thread count was 8 (of 8 available processors)

Solution count 1: 2 

Optimal solution found (tolerance 1.00e-04)
Best objective 2.000000000000e+00, best bound 2.000000000000e+00, gap 0.0000%

Gurobi 9.1.2 (mac64) logging started Tue Jun  8 09:30:31 2021

Academic license - for non-commercial use only - expires 2021-07-31
Warning: linear constraint 1 and linear constraint 2 have the same name "constraint2"
Gurobi Optimizer version 9.1.2 build v9.1.2rc0 (mac64)
Thread count: 4 physical cores, 8 logical processors, using up to 8 threads
Optimize a model with 79 rows, 1862 columns and 2102 nonzeros
Model fingerprint: 0x1fc9756e
Variable types: 0 continuous, 1862 integer (0 binary)
Coefficient statistics:
  Matrix range     [1e+00, 1e+00]
  Objective range  [1e+00, 1e+00]
  Bounds range     [0e+00, 0e+00]
  RHS range        [1e+00, 1e+00]
Found heuristic solution: objective 2.0000000
Presolve removed 24 rows and 1592 columns
Presolve time: 0.03s
Presolved: 55 rows, 270 columns, 472 nonzeros
Variable types: 0 continuous, 270 integer (0 binary)

Root relaxation: cutoff, 12 iterations, 0.00 seconds

    Nodes    |    Current Node    |     Objective Bounds      |     Work
 Expl Unexpl |  Obj  Depth IntInf | Incumbent    BestBd   Gap | It/Node Time

     0     0     cutoff    0         2.00000    2.00000  0.00%     -    0s

Explored 0 nodes (12 simplex iterations) in 0.03 seconds
Thread count was 8 (of 8 available processors)

Solution count 1: 2 

Optimal solution found (tolerance 1.00e-04)
Best objective 2.000000000000e+00, best bound 2.000000000000e+00, gap 0.0000%

Gurobi 9.1.2 (mac64) logging started Tue Jun  8 22:18:29 2021

Academic license - for non-commercial use only - expires 2021-07-31
Warning: linear constraint 1 and linear constraint 2 have the same name "constraint2"
Gurobi Optimizer version 9.1.2 build v9.1.2rc0 (mac64)
Thread count: 4 physical cores, 8 logical processors, using up to 8 threads
Optimize a model with 8 rows, 72 columns and 76 nonzeros
Model fingerprint: 0xf6b56842
Variable types: 0 continuous, 72 integer (0 binary)
Coefficient statistics:
  Matrix range     [1e+00, 1e+00]
  Objective range  [1e+00, 1e+00]
  Bounds range     [0e+00, 0e+00]
  RHS range        [1e+00, 1e+00]
Found heuristic solution: objective 2.0000000
Presolve removed 8 rows and 72 columns
Presolve time: 0.00s
Presolve: All rows and columns removed

Explored 0 nodes (0 simplex iterations) in 0.00 seconds
Thread count was 1 (of 8 available processors)

Solution count 1: 2 

Optimal solution found (tolerance 1.00e-04)
Best objective 2.000000000000e+00, best bound 2.000000000000e+00, gap 0.0000%

Gurobi 9.1.2 (mac64) logging started Tue Jun  8 22:25:10 2021

Academic license - for non-commercial use only - expires 2021-07-31
Warning: linear constraint 1 and linear constraint 2 have the same name "constraint2"
Gurobi Optimizer version 9.1.2 build v9.1.2rc0 (mac64)
Thread count: 4 physical cores, 8 logical processors, using up to 8 threads
Optimize a model with 8 rows, 72 columns and 76 nonzeros
Model fingerprint: 0xf6b56842
Variable types: 0 continuous, 72 integer (0 binary)
Coefficient statistics:
  Matrix range     [1e+00, 1e+00]
  Objective range  [1e+00, 1e+00]
  Bounds range     [0e+00, 0e+00]
  RHS range        [1e+00, 1e+00]
Found heuristic solution: objective 2.0000000
Presolve removed 8 rows and 72 columns
Presolve time: 0.00s
Presolve: All rows and columns removed

Explored 0 nodes (0 simplex iterations) in 0.01 seconds
Thread count was 1 (of 8 available processors)

Solution count 1: 2 

Optimal solution found (tolerance 1.00e-04)
Best objective 2.000000000000e+00, best bound 2.000000000000e+00, gap 0.0000%

Gurobi 9.1.2 (mac64) logging started Tue Jun  8 22:33:07 2021

Academic license - for non-commercial use only - expires 2021-07-31
Warning: linear constraint 1 and linear constraint 2 have the same name "constraint2"
Gurobi Optimizer version 9.1.2 build v9.1.2rc0 (mac64)
Thread count: 4 physical cores, 8 logical processors, using up to 8 threads
Optimize a model with 8 rows, 72 columns and 76 nonzeros
Model fingerprint: 0xf6b56842
Variable types: 0 continuous, 72 integer (0 binary)
Coefficient statistics:
  Matrix range     [1e+00, 1e+00]
  Objective range  [1e+00, 1e+00]
  Bounds range     [0e+00, 0e+00]
  RHS range        [1e+00, 1e+00]
Found heuristic solution: objective 2.0000000
Presolve removed 8 rows and 72 columns
Presolve time: 0.00s
Presolve: All rows and columns removed

Explored 0 nodes (0 simplex iterations) in 0.00 seconds
Thread count was 1 (of 8 available processors)

Solution count 1: 2 

Optimal solution found (tolerance 1.00e-04)
Best objective 2.000000000000e+00, best bound 2.000000000000e+00, gap 0.0000%

Gurobi 9.1.2 (mac64) logging started Tue Jun  8 22:36:04 2021

Academic license - for non-commercial use only - expires 2021-07-31
Warning: linear constraint 1 and linear constraint 2 have the same name "constraint2"
Gurobi Optimizer version 9.1.2 build v9.1.2rc0 (mac64)
Thread count: 4 physical cores, 8 logical processors, using up to 8 threads
Optimize a model with 8 rows, 72 columns and 76 nonzeros
Model fingerprint: 0xf6b56842
Variable types: 0 continuous, 72 integer (0 binary)
Coefficient statistics:
  Matrix range     [1e+00, 1e+00]
  Objective range  [1e+00, 1e+00]
  Bounds range     [0e+00, 0e+00]
  RHS range        [1e+00, 1e+00]
Found heuristic solution: objective 2.0000000
Presolve removed 8 rows and 72 columns
Presolve time: 0.00s
Presolve: All rows and columns removed

Explored 0 nodes (0 simplex iterations) in 0.00 seconds
Thread count was 1 (of 8 available processors)

Solution count 1: 2 

Optimal solution found (tolerance 1.00e-04)
Best objective 2.000000000000e+00, best bound 2.000000000000e+00, gap 0.0000%

Gurobi 9.1.2 (mac64) logging started Tue Jun  8 22:36:41 2021

Academic license - for non-commercial use only - expires 2021-07-31
Warning: linear constraint 1 and linear constraint 2 have the same name "constraint2"
Gurobi Optimizer version 9.1.2 build v9.1.2rc0 (mac64)
Thread count: 4 physical cores, 8 logical processors, using up to 8 threads
Optimize a model with 79 rows, 1862 columns and 2102 nonzeros
Model fingerprint: 0x1fc9756e
Variable types: 0 continuous, 1862 integer (0 binary)
Coefficient statistics:
  Matrix range     [1e+00, 1e+00]
  Objective range  [1e+00, 1e+00]
  Bounds range     [0e+00, 0e+00]
  RHS range        [1e+00, 1e+00]
Found heuristic solution: objective 2.0000000
Presolve removed 24 rows and 1592 columns
Presolve time: 0.01s
Presolved: 55 rows, 270 columns, 472 nonzeros
Variable types: 0 continuous, 270 integer (0 binary)

Root relaxation: cutoff, 12 iterations, 0.00 seconds

    Nodes    |    Current Node    |     Objective Bounds      |     Work
 Expl Unexpl |  Obj  Depth IntInf | Incumbent    BestBd   Gap | It/Node Time

     0     0     cutoff    0         2.00000    2.00000  0.00%     -    0s

Explored 0 nodes (12 simplex iterations) in 0.01 seconds
Thread count was 8 (of 8 available processors)

Solution count 1: 2 

Optimal solution found (tolerance 1.00e-04)
Best objective 2.000000000000e+00, best bound 2.000000000000e+00, gap 0.0000%

Gurobi 9.1.2 (mac64) logging started Wed Jun  9 13:43:47 2021

Academic license - for non-commercial use only - expires 2021-07-31
Warning: linear constraint 1 and linear constraint 2 have the same name "constraint2"
Gurobi Optimizer version 9.1.2 build v9.1.2rc0 (mac64)
Thread count: 4 physical cores, 8 logical processors, using up to 8 threads
Optimize a model with 79 rows, 1862 columns and 2102 nonzeros
Model fingerprint: 0x1fc9756e
Variable types: 0 continuous, 1862 integer (0 binary)
Coefficient statistics:
  Matrix range     [1e+00, 1e+00]
  Objective range  [1e+00, 1e+00]
  Bounds range     [0e+00, 0e+00]
  RHS range        [1e+00, 1e+00]
Found heuristic solution: objective 2.0000000
Presolve removed 24 rows and 1592 columns
Presolve time: 0.01s
Presolved: 55 rows, 270 columns, 472 nonzeros
Variable types: 0 continuous, 270 integer (0 binary)

Root relaxation: cutoff, 12 iterations, 0.00 seconds

    Nodes    |    Current Node    |     Objective Bounds      |     Work
 Expl Unexpl |  Obj  Depth IntInf | Incumbent    BestBd   Gap | It/Node Time

     0     0     cutoff    0         2.00000    2.00000  0.00%     -    0s

Explored 0 nodes (12 simplex iterations) in 0.01 seconds
Thread count was 8 (of 8 available processors)

Solution count 1: 2 

Optimal solution found (tolerance 1.00e-04)
Best objective 2.000000000000e+00, best bound 2.000000000000e+00, gap 0.0000%

Gurobi 9.1.2 (mac64) logging started Thu Jun 10 13:23:39 2021

Academic license - for non-commercial use only - expires 2021-07-31
Warning: linear constraint 1 and linear constraint 2 have the same name "constraint2"
Gurobi Optimizer version 9.1.2 build v9.1.2rc0 (mac64)
Thread count: 4 physical cores, 8 logical processors, using up to 8 threads
Optimize a model with 8 rows, 72 columns and 76 nonzeros
Model fingerprint: 0xf6b56842
Variable types: 0 continuous, 72 integer (0 binary)
Coefficient statistics:
  Matrix range     [1e+00, 1e+00]
  Objective range  [1e+00, 1e+00]
  Bounds range     [0e+00, 0e+00]
  RHS range        [1e+00, 1e+00]
Found heuristic solution: objective 2.0000000
Presolve removed 8 rows and 72 columns
Presolve time: 0.00s
Presolve: All rows and columns removed

Explored 0 nodes (0 simplex iterations) in 0.00 seconds
Thread count was 1 (of 8 available processors)

Solution count 1: 2 

Optimal solution found (tolerance 1.00e-04)
Best objective 2.000000000000e+00, best bound 2.000000000000e+00, gap 0.0000%

Gurobi 9.1.2 (mac64) logging started Fri Jun 11 12:26:01 2021

Academic license - for non-commercial use only - expires 2021-07-31
Warning: linear constraint 1 and linear constraint 2 have the same name "constraint2"
Gurobi Optimizer version 9.1.2 build v9.1.2rc0 (mac64)
Thread count: 4 physical cores, 8 logical processors, using up to 8 threads
Optimize a model with 8 rows, 72 columns and 76 nonzeros
Model fingerprint: 0xf6b56842
Variable types: 0 continuous, 72 integer (0 binary)
Coefficient statistics:
  Matrix range     [1e+00, 1e+00]
  Objective range  [1e+00, 1e+00]
  Bounds range     [0e+00, 0e+00]
  RHS range        [1e+00, 1e+00]
Found heuristic solution: objective 2.0000000
Presolve removed 8 rows and 72 columns
Presolve time: 0.00s
Presolve: All rows and columns removed

Explored 0 nodes (0 simplex iterations) in 0.00 seconds
Thread count was 1 (of 8 available processors)

Solution count 1: 2 

Optimal solution found (tolerance 1.00e-04)
Best objective 2.000000000000e+00, best bound 2.000000000000e+00, gap 0.0000%

Gurobi 9.1.2 (mac64) logging started Fri Jun 11 12:26:02 2021

Academic license - for non-commercial use only - expires 2021-07-31

Gurobi 9.1.2 (mac64) logging started Fri Jun 11 12:27:33 2021

Academic license - for non-commercial use only - expires 2021-07-31
Warning: linear constraint 1 and linear constraint 2 have the same name "constraint2"
Gurobi Optimizer version 9.1.2 build v9.1.2rc0 (mac64)
Thread count: 4 physical cores, 8 logical processors, using up to 8 threads
Optimize a model with 8 rows, 72 columns and 76 nonzeros
Model fingerprint: 0xf6b56842
Variable types: 0 continuous, 72 integer (0 binary)
Coefficient statistics:
  Matrix range     [1e+00, 1e+00]
  Objective range  [1e+00, 1e+00]
  Bounds range     [0e+00, 0e+00]
  RHS range        [1e+00, 1e+00]
Found heuristic solution: objective 2.0000000
Presolve removed 8 rows and 72 columns
Presolve time: 0.00s
Presolve: All rows and columns removed

Explored 0 nodes (0 simplex iterations) in 0.01 seconds
Thread count was 1 (of 8 available processors)

Solution count 1: 2 

Optimal solution found (tolerance 1.00e-04)
Best objective 2.000000000000e+00, best bound 2.000000000000e+00, gap 0.0000%

Gurobi 9.1.2 (mac64) logging started Fri Jun 11 12:27:34 2021

Academic license - for non-commercial use only - expires 2021-07-31

Gurobi 9.1.2 (mac64) logging started Fri Jun 11 12:29:43 2021

Academic license - for non-commercial use only - expires 2021-07-31
Warning: linear constraint 1 and linear constraint 2 have the same name "constraint2"
Gurobi Optimizer version 9.1.2 build v9.1.2rc0 (mac64)
Thread count: 4 physical cores, 8 logical processors, using up to 8 threads
Optimize a model with 8 rows, 72 columns and 76 nonzeros
Model fingerprint: 0xf6b56842
Variable types: 0 continuous, 72 integer (0 binary)
Coefficient statistics:
  Matrix range     [1e+00, 1e+00]
  Objective range  [1e+00, 1e+00]
  Bounds range     [0e+00, 0e+00]
  RHS range        [1e+00, 1e+00]
Found heuristic solution: objective 2.0000000
Presolve removed 8 rows and 72 columns
Presolve time: 0.00s
Presolve: All rows and columns removed

Explored 0 nodes (0 simplex iterations) in 0.00 seconds
Thread count was 1 (of 8 available processors)

Solution count 1: 2 

Optimal solution found (tolerance 1.00e-04)
Best objective 2.000000000000e+00, best bound 2.000000000000e+00, gap 0.0000%

Gurobi 9.1.2 (mac64) logging started Fri Jun 11 12:29:44 2021

Academic license - for non-commercial use only - expires 2021-07-31

Gurobi 9.1.2 (mac64) logging started Fri Jun 11 12:30:55 2021

Academic license - for non-commercial use only - expires 2021-07-31
Warning: linear constraint 1 and linear constraint 2 have the same name "constraint2"
Gurobi Optimizer version 9.1.2 build v9.1.2rc0 (mac64)
Thread count: 4 physical cores, 8 logical processors, using up to 8 threads
Optimize a model with 8 rows, 72 columns and 76 nonzeros
Model fingerprint: 0xf6b56842
Variable types: 0 continuous, 72 integer (0 binary)
Coefficient statistics:
  Matrix range     [1e+00, 1e+00]
  Objective range  [1e+00, 1e+00]
  Bounds range     [0e+00, 0e+00]
  RHS range        [1e+00, 1e+00]
Found heuristic solution: objective 2.0000000
Presolve removed 8 rows and 72 columns
Presolve time: 0.00s
Presolve: All rows and columns removed

Explored 0 nodes (0 simplex iterations) in 0.00 seconds
Thread count was 1 (of 8 available processors)

Solution count 1: 2 

Optimal solution found (tolerance 1.00e-04)
Best objective 2.000000000000e+00, best bound 2.000000000000e+00, gap 0.0000%

Gurobi 9.1.2 (mac64) logging started Fri Jun 11 12:30:56 2021

Academic license - for non-commercial use only - expires 2021-07-31

Gurobi 9.1.2 (mac64) logging started Fri Jun 11 12:32:29 2021

Academic license - for non-commercial use only - expires 2021-07-31
Warning: linear constraint 1 and linear constraint 2 have the same name "constraint2"
Gurobi Optimizer version 9.1.2 build v9.1.2rc0 (mac64)
Thread count: 4 physical cores, 8 logical processors, using up to 8 threads
Optimize a model with 8 rows, 72 columns and 76 nonzeros
Model fingerprint: 0xf6b56842
Variable types: 0 continuous, 72 integer (0 binary)
Coefficient statistics:
  Matrix range     [1e+00, 1e+00]
  Objective range  [1e+00, 1e+00]
  Bounds range     [0e+00, 0e+00]
  RHS range        [1e+00, 1e+00]
Found heuristic solution: objective 2.0000000
Presolve removed 8 rows and 72 columns
Presolve time: 0.00s
Presolve: All rows and columns removed

Explored 0 nodes (0 simplex iterations) in 0.00 seconds
Thread count was 1 (of 8 available processors)

Solution count 1: 2 

Optimal solution found (tolerance 1.00e-04)
Best objective 2.000000000000e+00, best bound 2.000000000000e+00, gap 0.0000%

Gurobi 9.1.2 (mac64) logging started Fri Jun 11 12:32:31 2021

Academic license - for non-commercial use only - expires 2021-07-31

Gurobi 9.1.2 (mac64) logging started Fri Jun 11 12:35:25 2021

Academic license - for non-commercial use only - expires 2021-07-31
Warning: linear constraint 1 and linear constraint 2 have the same name "constraint2"
Gurobi Optimizer version 9.1.2 build v9.1.2rc0 (mac64)
Thread count: 4 physical cores, 8 logical processors, using up to 8 threads
Optimize a model with 8 rows, 72 columns and 76 nonzeros
Model fingerprint: 0xf6b56842
Variable types: 0 continuous, 72 integer (0 binary)
Coefficient statistics:
  Matrix range     [1e+00, 1e+00]
  Objective range  [1e+00, 1e+00]
  Bounds range     [0e+00, 0e+00]
  RHS range        [1e+00, 1e+00]
Found heuristic solution: objective 2.0000000
Presolve removed 8 rows and 72 columns
Presolve time: 0.00s
Presolve: All rows and columns removed

Explored 0 nodes (0 simplex iterations) in 0.00 seconds
Thread count was 1 (of 8 available processors)

Solution count 1: 2 

Optimal solution found (tolerance 1.00e-04)
Best objective 2.000000000000e+00, best bound 2.000000000000e+00, gap 0.0000%

Gurobi 9.1.2 (mac64) logging started Fri Jun 11 12:35:26 2021

Academic license - for non-commercial use only - expires 2021-07-31

Gurobi 9.1.2 (mac64) logging started Fri Jun 11 12:36:11 2021

Academic license - for non-commercial use only - expires 2021-07-31
Warning: linear constraint 1 and linear constraint 2 have the same name "constraint2"
Gurobi Optimizer version 9.1.2 build v9.1.2rc0 (mac64)
Thread count: 4 physical cores, 8 logical processors, using up to 8 threads
Optimize a model with 8 rows, 72 columns and 76 nonzeros
Model fingerprint: 0xf6b56842
Variable types: 0 continuous, 72 integer (0 binary)
Coefficient statistics:
  Matrix range     [1e+00, 1e+00]
  Objective range  [1e+00, 1e+00]
  Bounds range     [0e+00, 0e+00]
  RHS range        [1e+00, 1e+00]
Found heuristic solution: objective 2.0000000
Presolve removed 8 rows and 72 columns
Presolve time: 0.00s
Presolve: All rows and columns removed

Explored 0 nodes (0 simplex iterations) in 0.00 seconds
Thread count was 1 (of 8 available processors)

Solution count 1: 2 

Optimal solution found (tolerance 1.00e-04)
Best objective 2.000000000000e+00, best bound 2.000000000000e+00, gap 0.0000%

Gurobi 9.1.2 (mac64) logging started Fri Jun 11 12:36:12 2021

Academic license - for non-commercial use only - expires 2021-07-31

Gurobi 9.1.2 (mac64) logging started Fri Jun 11 12:37:11 2021

Academic license - for non-commercial use only - expires 2021-07-31
Warning: linear constraint 1 and linear constraint 2 have the same name "constraint2"
Gurobi Optimizer version 9.1.2 build v9.1.2rc0 (mac64)
Thread count: 4 physical cores, 8 logical processors, using up to 8 threads
Optimize a model with 8 rows, 72 columns and 76 nonzeros
Model fingerprint: 0xf6b56842
Variable types: 0 continuous, 72 integer (0 binary)
Coefficient statistics:
  Matrix range     [1e+00, 1e+00]
  Objective range  [1e+00, 1e+00]
  Bounds range     [0e+00, 0e+00]
  RHS range        [1e+00, 1e+00]
Found heuristic solution: objective 2.0000000
Presolve removed 8 rows and 72 columns
Presolve time: 0.00s
Presolve: All rows and columns removed

Explored 0 nodes (0 simplex iterations) in 0.00 seconds
Thread count was 1 (of 8 available processors)

Solution count 1: 2 

Optimal solution found (tolerance 1.00e-04)
Best objective 2.000000000000e+00, best bound 2.000000000000e+00, gap 0.0000%

Gurobi 9.1.2 (mac64) logging started Fri Jun 11 12:37:12 2021

Academic license - for non-commercial use only - expires 2021-07-31

Gurobi 9.1.2 (mac64) logging started Fri Jun 11 12:37:56 2021

Academic license - for non-commercial use only - expires 2021-07-31
Warning: linear constraint 1 and linear constraint 2 have the same name "constraint2"
Gurobi Optimizer version 9.1.2 build v9.1.2rc0 (mac64)
Thread count: 4 physical cores, 8 logical processors, using up to 8 threads
Optimize a model with 8 rows, 72 columns and 76 nonzeros
Model fingerprint: 0xf6b56842
Variable types: 0 continuous, 72 integer (0 binary)
Coefficient statistics:
  Matrix range     [1e+00, 1e+00]
  Objective range  [1e+00, 1e+00]
  Bounds range     [0e+00, 0e+00]
  RHS range        [1e+00, 1e+00]
Found heuristic solution: objective 2.0000000
Presolve removed 8 rows and 72 columns
Presolve time: 0.00s
Presolve: All rows and columns removed

Explored 0 nodes (0 simplex iterations) in 0.00 seconds
Thread count was 1 (of 8 available processors)

Solution count 1: 2 

Optimal solution found (tolerance 1.00e-04)
Best objective 2.000000000000e+00, best bound 2.000000000000e+00, gap 0.0000%

Gurobi 9.1.2 (mac64) logging started Fri Jun 11 12:37:56 2021

Academic license - for non-commercial use only - expires 2021-07-31
Warning: linear constraint 1 and linear constraint 2 have the same name "constraint2"
Gurobi Optimizer version 9.1.2 build v9.1.2rc0 (mac64)
Thread count: 4 physical cores, 8 logical processors, using up to 8 threads
Optimize a model with 8 rows, 72 columns and 76 nonzeros
Model fingerprint: 0x12b61b3c
Variable types: 0 continuous, 72 integer (0 binary)
Coefficient statistics:
  Matrix range     [1e+00, 1e+00]
  Objective range  [2e-03, 6e-03]
  Bounds range     [0e+00, 0e+00]
  RHS range        [1e+00, 1e+00]
Found heuristic solution: objective 0.0079831
Presolve removed 8 rows and 72 columns
Presolve time: 0.00s
Presolve: All rows and columns removed

Explored 0 nodes (0 simplex iterations) in 0.00 seconds
Thread count was 1 (of 8 available processors)

Solution count 1: 0.00798305 

Optimal solution found (tolerance 1.00e-04)
Best objective 7.983050580341e-03, best bound 7.983050580341e-03, gap 0.0000%

Gurobi 9.1.2 (mac64) logging started Fri Jun 11 12:38:21 2021

Academic license - for non-commercial use only - expires 2021-07-31
Warning: linear constraint 1 and linear constraint 2 have the same name "constraint2"
Gurobi Optimizer version 9.1.2 build v9.1.2rc0 (mac64)
Thread count: 4 physical cores, 8 logical processors, using up to 8 threads
Optimize a model with 8 rows, 72 columns and 76 nonzeros
Model fingerprint: 0xf6b56842
Variable types: 0 continuous, 72 integer (0 binary)
Coefficient statistics:
  Matrix range     [1e+00, 1e+00]
  Objective range  [1e+00, 1e+00]
  Bounds range     [0e+00, 0e+00]
  RHS range        [1e+00, 1e+00]
Found heuristic solution: objective 2.0000000
Presolve removed 8 rows and 72 columns
Presolve time: 0.00s
Presolve: All rows and columns removed

Explored 0 nodes (0 simplex iterations) in 0.00 seconds
Thread count was 1 (of 8 available processors)

Solution count 1: 2 

Optimal solution found (tolerance 1.00e-04)
Best objective 2.000000000000e+00, best bound 2.000000000000e+00, gap 0.0000%

Gurobi 9.1.2 (mac64) logging started Fri Jun 11 12:38:22 2021

Academic license - for non-commercial use only - expires 2021-07-31
Warning: linear constraint 1 and linear constraint 2 have the same name "constraint2"
Gurobi Optimizer version 9.1.2 build v9.1.2rc0 (mac64)
Thread count: 4 physical cores, 8 logical processors, using up to 8 threads
Optimize a model with 8 rows, 72 columns and 76 nonzeros
Model fingerprint: 0x12b61b3c
Variable types: 0 continuous, 72 integer (0 binary)
Coefficient statistics:
  Matrix range     [1e+00, 1e+00]
  Objective range  [2e-03, 6e-03]
  Bounds range     [0e+00, 0e+00]
  RHS range        [1e+00, 1e+00]
Found heuristic solution: objective 0.0079831
Presolve removed 8 rows and 72 columns
Presolve time: 0.00s
Presolve: All rows and columns removed

Explored 0 nodes (0 simplex iterations) in 0.00 seconds
Thread count was 1 (of 8 available processors)

Solution count 1: 0.00798305 

Optimal solution found (tolerance 1.00e-04)
Best objective 7.983050580341e-03, best bound 7.983050580341e-03, gap 0.0000%

Gurobi 9.1.2 (mac64) logging started Fri Jun 11 12:53:26 2021

Academic license - for non-commercial use only - expires 2021-07-31
Warning: linear constraint 1 and linear constraint 2 have the same name "constraint2"
Gurobi Optimizer version 9.1.2 build v9.1.2rc0 (mac64)
Thread count: 4 physical cores, 8 logical processors, using up to 8 threads
Optimize a model with 8 rows, 72 columns and 76 nonzeros
Model fingerprint: 0xf6b56842
Variable types: 0 continuous, 72 integer (0 binary)
Coefficient statistics:
  Matrix range     [1e+00, 1e+00]
  Objective range  [1e+00, 1e+00]
  Bounds range     [0e+00, 0e+00]
  RHS range        [1e+00, 1e+00]
Found heuristic solution: objective 2.0000000
Presolve removed 8 rows and 72 columns
Presolve time: 0.00s
Presolve: All rows and columns removed

Explored 0 nodes (0 simplex iterations) in 0.00 seconds
Thread count was 1 (of 8 available processors)

Solution count 1: 2 

Optimal solution found (tolerance 1.00e-04)
Best objective 2.000000000000e+00, best bound 2.000000000000e+00, gap 0.0000%

Gurobi 9.1.2 (mac64) logging started Fri Jun 11 12:53:27 2021

Academic license - for non-commercial use only - expires 2021-07-31
Warning: linear constraint 1 and linear constraint 2 have the same name "constraint2"
Gurobi Optimizer version 9.1.2 build v9.1.2rc0 (mac64)
Thread count: 4 physical cores, 8 logical processors, using up to 8 threads
Optimize a model with 8 rows, 72 columns and 76 nonzeros
Model fingerprint: 0x12b61b3c
Variable types: 0 continuous, 72 integer (0 binary)
Coefficient statistics:
  Matrix range     [1e+00, 1e+00]
  Objective range  [2e-03, 6e-03]
  Bounds range     [0e+00, 0e+00]
  RHS range        [1e+00, 1e+00]
Found heuristic solution: objective 0.0079831
Presolve removed 8 rows and 72 columns
Presolve time: 0.00s
Presolve: All rows and columns removed

Explored 0 nodes (0 simplex iterations) in 0.00 seconds
Thread count was 1 (of 8 available processors)

Solution count 1: 0.00798305 

Optimal solution found (tolerance 1.00e-04)
Best objective 7.983050580341e-03, best bound 7.983050580341e-03, gap 0.0000%

Gurobi 9.1.2 (mac64) logging started Fri Jun 11 13:23:50 2021

Academic license - for non-commercial use only - expires 2021-07-31
Warning: linear constraint 1 and linear constraint 2 have the same name "constraint2"
Gurobi Optimizer version 9.1.2 build v9.1.2rc0 (mac64)
Thread count: 4 physical cores, 8 logical processors, using up to 8 threads
Optimize a model with 8 rows, 72 columns and 76 nonzeros
Model fingerprint: 0xf6b56842
Variable types: 0 continuous, 72 integer (0 binary)
Coefficient statistics:
  Matrix range     [1e+00, 1e+00]
  Objective range  [1e+00, 1e+00]
  Bounds range     [0e+00, 0e+00]
  RHS range        [1e+00, 1e+00]
Found heuristic solution: objective 2.0000000
Presolve removed 8 rows and 72 columns
Presolve time: 0.01s
Presolve: All rows and columns removed

Explored 0 nodes (0 simplex iterations) in 0.01 seconds
Thread count was 1 (of 8 available processors)

Solution count 1: 2 

Optimal solution found (tolerance 1.00e-04)
Best objective 2.000000000000e+00, best bound 2.000000000000e+00, gap 0.0000%

Gurobi 9.1.2 (mac64) logging started Fri Jun 11 13:23:51 2021

Academic license - for non-commercial use only - expires 2021-07-31
Warning: linear constraint 1 and linear constraint 2 have the same name "constraint2"
Gurobi Optimizer version 9.1.2 build v9.1.2rc0 (mac64)
Thread count: 4 physical cores, 8 logical processors, using up to 8 threads
Optimize a model with 8 rows, 72 columns and 76 nonzeros
Model fingerprint: 0x12b61b3c
Variable types: 0 continuous, 72 integer (0 binary)
Coefficient statistics:
  Matrix range     [1e+00, 1e+00]
  Objective range  [2e-03, 6e-03]
  Bounds range     [0e+00, 0e+00]
  RHS range        [1e+00, 1e+00]
Found heuristic solution: objective 0.0079831
Presolve removed 8 rows and 72 columns
Presolve time: 0.00s
Presolve: All rows and columns removed

Explored 0 nodes (0 simplex iterations) in 0.00 seconds
Thread count was 1 (of 8 available processors)

Solution count 1: 0.00798305 

Optimal solution found (tolerance 1.00e-04)
Best objective 7.983050580341e-03, best bound 7.983050580341e-03, gap 0.0000%

Gurobi 9.1.2 (mac64) logging started Fri Jun 11 13:24:51 2021

Academic license - for non-commercial use only - expires 2021-07-31
Warning: linear constraint 1 and linear constraint 2 have the same name "constraint2"
Gurobi Optimizer version 9.1.2 build v9.1.2rc0 (mac64)
Thread count: 4 physical cores, 8 logical processors, using up to 8 threads
Optimize a model with 8 rows, 72 columns and 76 nonzeros
Model fingerprint: 0xf6b56842
Variable types: 0 continuous, 72 integer (0 binary)
Coefficient statistics:
  Matrix range     [1e+00, 1e+00]
  Objective range  [1e+00, 1e+00]
  Bounds range     [0e+00, 0e+00]
  RHS range        [1e+00, 1e+00]
Found heuristic solution: objective 2.0000000
Presolve removed 8 rows and 72 columns
Presolve time: 0.00s
Presolve: All rows and columns removed

Explored 0 nodes (0 simplex iterations) in 0.00 seconds
Thread count was 1 (of 8 available processors)

Solution count 1: 2 

Optimal solution found (tolerance 1.00e-04)
Best objective 2.000000000000e+00, best bound 2.000000000000e+00, gap 0.0000%

Gurobi 9.1.2 (mac64) logging started Fri Jun 11 13:24:52 2021

Academic license - for non-commercial use only - expires 2021-07-31
Warning: linear constraint 1 and linear constraint 2 have the same name "constraint2"
Gurobi Optimizer version 9.1.2 build v9.1.2rc0 (mac64)
Thread count: 4 physical cores, 8 logical processors, using up to 8 threads
Optimize a model with 8 rows, 72 columns and 76 nonzeros
Model fingerprint: 0x12b61b3c
Variable types: 0 continuous, 72 integer (0 binary)
Coefficient statistics:
  Matrix range     [1e+00, 1e+00]
  Objective range  [2e-03, 6e-03]
  Bounds range     [0e+00, 0e+00]
  RHS range        [1e+00, 1e+00]
Found heuristic solution: objective 0.0079831
Presolve removed 8 rows and 72 columns
Presolve time: 0.00s
Presolve: All rows and columns removed

Explored 0 nodes (0 simplex iterations) in 0.00 seconds
Thread count was 1 (of 8 available processors)

Solution count 1: 0.00798305 

Optimal solution found (tolerance 1.00e-04)
Best objective 7.983050580341e-03, best bound 7.983050580341e-03, gap 0.0000%

Gurobi 9.1.2 (mac64) logging started Fri Jun 11 13:26:23 2021

Academic license - for non-commercial use only - expires 2021-07-31
Warning: linear constraint 1 and linear constraint 2 have the same name "constraint2"
Gurobi Optimizer version 9.1.2 build v9.1.2rc0 (mac64)
Thread count: 4 physical cores, 8 logical processors, using up to 8 threads
Optimize a model with 8 rows, 72 columns and 76 nonzeros
Model fingerprint: 0xf6b56842
Variable types: 0 continuous, 72 integer (0 binary)
Coefficient statistics:
  Matrix range     [1e+00, 1e+00]
  Objective range  [1e+00, 1e+00]
  Bounds range     [0e+00, 0e+00]
  RHS range        [1e+00, 1e+00]
Found heuristic solution: objective 2.0000000
Presolve removed 8 rows and 72 columns
Presolve time: 0.00s
Presolve: All rows and columns removed

Explored 0 nodes (0 simplex iterations) in 0.00 seconds
Thread count was 1 (of 8 available processors)

Solution count 1: 2 

Optimal solution found (tolerance 1.00e-04)
Best objective 2.000000000000e+00, best bound 2.000000000000e+00, gap 0.0000%

Gurobi 9.1.2 (mac64) logging started Fri Jun 11 13:26:24 2021

Academic license - for non-commercial use only - expires 2021-07-31
Warning: linear constraint 1 and linear constraint 2 have the same name "constraint2"
Gurobi Optimizer version 9.1.2 build v9.1.2rc0 (mac64)
Thread count: 4 physical cores, 8 logical processors, using up to 8 threads
Optimize a model with 8 rows, 72 columns and 76 nonzeros
Model fingerprint: 0x12b61b3c
Variable types: 0 continuous, 72 integer (0 binary)
Coefficient statistics:
  Matrix range     [1e+00, 1e+00]
  Objective range  [2e-03, 6e-03]
  Bounds range     [0e+00, 0e+00]
  RHS range        [1e+00, 1e+00]
Found heuristic solution: objective 0.0079831
Presolve removed 8 rows and 72 columns
Presolve time: 0.00s
Presolve: All rows and columns removed

Explored 0 nodes (0 simplex iterations) in 0.00 seconds
Thread count was 1 (of 8 available processors)

Solution count 1: 0.00798305 

Optimal solution found (tolerance 1.00e-04)
Best objective 7.983050580341e-03, best bound 7.983050580341e-03, gap 0.0000%

Gurobi 9.1.2 (mac64) logging started Fri Jun 11 13:27:20 2021

Academic license - for non-commercial use only - expires 2021-07-31
Warning: linear constraint 1 and linear constraint 2 have the same name "constraint2"
Gurobi Optimizer version 9.1.2 build v9.1.2rc0 (mac64)
Thread count: 4 physical cores, 8 logical processors, using up to 8 threads
Optimize a model with 8 rows, 72 columns and 76 nonzeros
Model fingerprint: 0xf6b56842
Variable types: 0 continuous, 72 integer (0 binary)
Coefficient statistics:
  Matrix range     [1e+00, 1e+00]
  Objective range  [1e+00, 1e+00]
  Bounds range     [0e+00, 0e+00]
  RHS range        [1e+00, 1e+00]
Found heuristic solution: objective 2.0000000
Presolve removed 8 rows and 72 columns
Presolve time: 0.00s
Presolve: All rows and columns removed

Explored 0 nodes (0 simplex iterations) in 0.00 seconds
Thread count was 1 (of 8 available processors)

Solution count 1: 2 

Optimal solution found (tolerance 1.00e-04)
Best objective 2.000000000000e+00, best bound 2.000000000000e+00, gap 0.0000%

Gurobi 9.1.2 (mac64) logging started Fri Jun 11 13:27:20 2021

Academic license - for non-commercial use only - expires 2021-07-31
Warning: linear constraint 1 and linear constraint 2 have the same name "constraint2"
Gurobi Optimizer version 9.1.2 build v9.1.2rc0 (mac64)
Thread count: 4 physical cores, 8 logical processors, using up to 8 threads
Optimize a model with 8 rows, 72 columns and 76 nonzeros
Model fingerprint: 0x12b61b3c
Variable types: 0 continuous, 72 integer (0 binary)
Coefficient statistics:
  Matrix range     [1e+00, 1e+00]
  Objective range  [2e-03, 6e-03]
  Bounds range     [0e+00, 0e+00]
  RHS range        [1e+00, 1e+00]
Found heuristic solution: objective 0.0079831
Presolve removed 8 rows and 72 columns
Presolve time: 0.00s
Presolve: All rows and columns removed

Explored 0 nodes (0 simplex iterations) in 0.00 seconds
Thread count was 1 (of 8 available processors)

Solution count 1: 0.00798305 

Optimal solution found (tolerance 1.00e-04)
Best objective 7.983050580341e-03, best bound 7.983050580341e-03, gap 0.0000%

Gurobi 9.1.2 (mac64) logging started Fri Jun 11 13:40:59 2021

Academic license - for non-commercial use only - expires 2021-07-31
Warning: linear constraint 1 and linear constraint 2 have the same name "constraint2"
Gurobi Optimizer version 9.1.2 build v9.1.2rc0 (mac64)
Thread count: 4 physical cores, 8 logical processors, using up to 8 threads
Optimize a model with 8 rows, 72 columns and 76 nonzeros
Model fingerprint: 0xf6b56842
Variable types: 0 continuous, 72 integer (0 binary)
Coefficient statistics:
  Matrix range     [1e+00, 1e+00]
  Objective range  [1e+00, 1e+00]
  Bounds range     [0e+00, 0e+00]
  RHS range        [1e+00, 1e+00]
Found heuristic solution: objective 2.0000000
Presolve removed 8 rows and 72 columns
Presolve time: 0.00s
Presolve: All rows and columns removed

Explored 0 nodes (0 simplex iterations) in 0.00 seconds
Thread count was 1 (of 8 available processors)

Solution count 1: 2 

Optimal solution found (tolerance 1.00e-04)
Best objective 2.000000000000e+00, best bound 2.000000000000e+00, gap 0.0000%

Gurobi 9.1.2 (mac64) logging started Fri Jun 11 13:40:59 2021

Academic license - for non-commercial use only - expires 2021-07-31
Warning: linear constraint 1 and linear constraint 2 have the same name "constraint2"
Gurobi Optimizer version 9.1.2 build v9.1.2rc0 (mac64)
Thread count: 4 physical cores, 8 logical processors, using up to 8 threads
Optimize a model with 8 rows, 72 columns and 76 nonzeros
Model fingerprint: 0x12b61b3c
Variable types: 0 continuous, 72 integer (0 binary)
Coefficient statistics:
  Matrix range     [1e+00, 1e+00]
  Objective range  [2e-03, 6e-03]
  Bounds range     [0e+00, 0e+00]
  RHS range        [1e+00, 1e+00]
Found heuristic solution: objective 0.0079831
Presolve removed 8 rows and 72 columns
Presolve time: 0.00s
Presolve: All rows and columns removed

Explored 0 nodes (0 simplex iterations) in 0.00 seconds
Thread count was 1 (of 8 available processors)

Solution count 1: 0.00798305 

Optimal solution found (tolerance 1.00e-04)
Best objective 7.983050580341e-03, best bound 7.983050580341e-03, gap 0.0000%

Gurobi 9.1.2 (mac64) logging started Fri Jun 11 13:41:54 2021

Academic license - for non-commercial use only - expires 2021-07-31
Warning: linear constraint 1 and linear constraint 2 have the same name "constraint2"
Gurobi Optimizer version 9.1.2 build v9.1.2rc0 (mac64)
Thread count: 4 physical cores, 8 logical processors, using up to 8 threads
Optimize a model with 79 rows, 1862 columns and 2102 nonzeros
Model fingerprint: 0x1fc9756e
Variable types: 0 continuous, 1862 integer (0 binary)
Coefficient statistics:
  Matrix range     [1e+00, 1e+00]
  Objective range  [1e+00, 1e+00]
  Bounds range     [0e+00, 0e+00]
  RHS range        [1e+00, 1e+00]
Found heuristic solution: objective 2.0000000
Presolve removed 24 rows and 1592 columns
Presolve time: 0.01s
Presolved: 55 rows, 270 columns, 472 nonzeros
Variable types: 0 continuous, 270 integer (0 binary)

Root relaxation: cutoff, 12 iterations, 0.00 seconds

    Nodes    |    Current Node    |     Objective Bounds      |     Work
 Expl Unexpl |  Obj  Depth IntInf | Incumbent    BestBd   Gap | It/Node Time

     0     0     cutoff    0         2.00000    2.00000  0.00%     -    0s

Explored 0 nodes (12 simplex iterations) in 0.01 seconds
Thread count was 8 (of 8 available processors)

Solution count 1: 2 

Optimal solution found (tolerance 1.00e-04)
Best objective 2.000000000000e+00, best bound 2.000000000000e+00, gap 0.0000%

Gurobi 9.1.2 (mac64) logging started Fri Jun 11 13:41:55 2021

Academic license - for non-commercial use only - expires 2021-07-31

Gurobi 9.1.2 (mac64) logging started Fri Jun 11 13:43:18 2021

Academic license - for non-commercial use only - expires 2021-07-31
Warning: linear constraint 1 and linear constraint 2 have the same name "constraint2"
Gurobi Optimizer version 9.1.2 build v9.1.2rc0 (mac64)
Thread count: 4 physical cores, 8 logical processors, using up to 8 threads
Optimize a model with 79 rows, 1862 columns and 2102 nonzeros
Model fingerprint: 0x1fc9756e
Variable types: 0 continuous, 1862 integer (0 binary)
Coefficient statistics:
  Matrix range     [1e+00, 1e+00]
  Objective range  [1e+00, 1e+00]
  Bounds range     [0e+00, 0e+00]
  RHS range        [1e+00, 1e+00]
Found heuristic solution: objective 2.0000000
Presolve removed 24 rows and 1592 columns
Presolve time: 0.01s
Presolved: 55 rows, 270 columns, 472 nonzeros
Variable types: 0 continuous, 270 integer (0 binary)

Root relaxation: cutoff, 12 iterations, 0.00 seconds

    Nodes    |    Current Node    |     Objective Bounds      |     Work
 Expl Unexpl |  Obj  Depth IntInf | Incumbent    BestBd   Gap | It/Node Time

     0     0     cutoff    0         2.00000    2.00000  0.00%     -    0s

Explored 0 nodes (12 simplex iterations) in 0.01 seconds
Thread count was 8 (of 8 available processors)

Solution count 1: 2 

Optimal solution found (tolerance 1.00e-04)
Best objective 2.000000000000e+00, best bound 2.000000000000e+00, gap 0.0000%

Gurobi 9.1.2 (mac64) logging started Fri Jun 11 13:43:18 2021

Academic license - for non-commercial use only - expires 2021-07-31

Gurobi 9.1.2 (mac64) logging started Fri Jun 11 13:44:16 2021

Academic license - for non-commercial use only - expires 2021-07-31
Warning: linear constraint 1 and linear constraint 2 have the same name "constraint2"
Gurobi Optimizer version 9.1.2 build v9.1.2rc0 (mac64)
Thread count: 4 physical cores, 8 logical processors, using up to 8 threads
Optimize a model with 79 rows, 1862 columns and 2102 nonzeros
Model fingerprint: 0x1fc9756e
Variable types: 0 continuous, 1862 integer (0 binary)
Coefficient statistics:
  Matrix range     [1e+00, 1e+00]
  Objective range  [1e+00, 1e+00]
  Bounds range     [0e+00, 0e+00]
  RHS range        [1e+00, 1e+00]
Found heuristic solution: objective 2.0000000
Presolve removed 24 rows and 1592 columns
Presolve time: 0.01s
Presolved: 55 rows, 270 columns, 472 nonzeros
Variable types: 0 continuous, 270 integer (0 binary)

Root relaxation: cutoff, 12 iterations, 0.00 seconds

    Nodes    |    Current Node    |     Objective Bounds      |     Work
 Expl Unexpl |  Obj  Depth IntInf | Incumbent    BestBd   Gap | It/Node Time

     0     0     cutoff    0         2.00000    2.00000  0.00%     -    0s

Explored 0 nodes (12 simplex iterations) in 0.01 seconds
Thread count was 8 (of 8 available processors)

Solution count 1: 2 

Optimal solution found (tolerance 1.00e-04)
Best objective 2.000000000000e+00, best bound 2.000000000000e+00, gap 0.0000%

Gurobi 9.1.2 (mac64) logging started Fri Jun 11 13:44:17 2021

Academic license - for non-commercial use only - expires 2021-07-31

Gurobi 9.1.2 (mac64) logging started Fri Jun 11 13:45:07 2021

Academic license - for non-commercial use only - expires 2021-07-31
Warning: linear constraint 1 and linear constraint 2 have the same name "constraint2"
Gurobi Optimizer version 9.1.2 build v9.1.2rc0 (mac64)
Thread count: 4 physical cores, 8 logical processors, using up to 8 threads
Optimize a model with 79 rows, 1862 columns and 2102 nonzeros
Model fingerprint: 0x1fc9756e
Variable types: 0 continuous, 1862 integer (0 binary)
Coefficient statistics:
  Matrix range     [1e+00, 1e+00]
  Objective range  [1e+00, 1e+00]
  Bounds range     [0e+00, 0e+00]
  RHS range        [1e+00, 1e+00]
Found heuristic solution: objective 2.0000000
Presolve removed 24 rows and 1592 columns
Presolve time: 0.01s
Presolved: 55 rows, 270 columns, 472 nonzeros
Variable types: 0 continuous, 270 integer (0 binary)

Root relaxation: cutoff, 12 iterations, 0.00 seconds

    Nodes    |    Current Node    |     Objective Bounds      |     Work
 Expl Unexpl |  Obj  Depth IntInf | Incumbent    BestBd   Gap | It/Node Time

     0     0     cutoff    0         2.00000    2.00000  0.00%     -    0s

Explored 0 nodes (12 simplex iterations) in 0.01 seconds
Thread count was 8 (of 8 available processors)

Solution count 1: 2 

Optimal solution found (tolerance 1.00e-04)
Best objective 2.000000000000e+00, best bound 2.000000000000e+00, gap 0.0000%

Gurobi 9.1.2 (mac64) logging started Fri Jun 11 13:45:08 2021

Academic license - for non-commercial use only - expires 2021-07-31

Gurobi 9.1.2 (mac64) logging started Fri Jun 11 13:51:24 2021

Academic license - for non-commercial use only - expires 2021-07-31
Warning: linear constraint 1 and linear constraint 2 have the same name "constraint2"
Gurobi Optimizer version 9.1.2 build v9.1.2rc0 (mac64)
Thread count: 4 physical cores, 8 logical processors, using up to 8 threads
Optimize a model with 79 rows, 1862 columns and 2102 nonzeros
Model fingerprint: 0x1fc9756e
Variable types: 0 continuous, 1862 integer (0 binary)
Coefficient statistics:
  Matrix range     [1e+00, 1e+00]
  Objective range  [1e+00, 1e+00]
  Bounds range     [0e+00, 0e+00]
  RHS range        [1e+00, 1e+00]
Found heuristic solution: objective 2.0000000
Presolve removed 24 rows and 1592 columns
Presolve time: 0.01s
Presolved: 55 rows, 270 columns, 472 nonzeros
Variable types: 0 continuous, 270 integer (0 binary)

Root relaxation: cutoff, 12 iterations, 0.00 seconds

    Nodes    |    Current Node    |     Objective Bounds      |     Work
 Expl Unexpl |  Obj  Depth IntInf | Incumbent    BestBd   Gap | It/Node Time

     0     0     cutoff    0         2.00000    2.00000  0.00%     -    0s

Explored 0 nodes (12 simplex iterations) in 0.02 seconds
Thread count was 8 (of 8 available processors)

Solution count 1: 2 

Optimal solution found (tolerance 1.00e-04)
Best objective 2.000000000000e+00, best bound 2.000000000000e+00, gap 0.0000%

Gurobi 9.1.2 (mac64) logging started Fri Jun 11 13:51:25 2021

Academic license - for non-commercial use only - expires 2021-07-31

Gurobi 9.1.2 (mac64) logging started Sat Jun 12 18:37:09 2021

Academic license - for non-commercial use only - expires 2021-07-31
Warning: linear constraint 1 and linear constraint 2 have the same name "constraint2"
Gurobi Optimizer version 9.1.2 build v9.1.2rc0 (mac64)
Thread count: 4 physical cores, 8 logical processors, using up to 8 threads
Optimize a model with 79 rows, 1862 columns and 2102 nonzeros
Model fingerprint: 0x1fc9756e
Variable types: 0 continuous, 1862 integer (0 binary)
Coefficient statistics:
  Matrix range     [1e+00, 1e+00]
  Objective range  [1e+00, 1e+00]
  Bounds range     [0e+00, 0e+00]
  RHS range        [1e+00, 1e+00]
Found heuristic solution: objective 2.0000000
Presolve removed 24 rows and 1592 columns
Presolve time: 0.01s
Presolved: 55 rows, 270 columns, 472 nonzeros
Variable types: 0 continuous, 270 integer (0 binary)

Root relaxation: cutoff, 12 iterations, 0.00 seconds

    Nodes    |    Current Node    |     Objective Bounds      |     Work
 Expl Unexpl |  Obj  Depth IntInf | Incumbent    BestBd   Gap | It/Node Time

     0     0     cutoff    0         2.00000    2.00000  0.00%     -    0s

Explored 0 nodes (12 simplex iterations) in 0.01 seconds
Thread count was 8 (of 8 available processors)

Solution count 1: 2 

Optimal solution found (tolerance 1.00e-04)
Best objective 2.000000000000e+00, best bound 2.000000000000e+00, gap 0.0000%

Gurobi 9.1.2 (mac64) logging started Sat Jun 12 18:37:10 2021

Academic license - for non-commercial use only - expires 2021-07-31

Gurobi 9.1.2 (mac64) logging started Sat Jun 12 18:46:43 2021

Academic license - for non-commercial use only - expires 2021-07-31
Warning: linear constraint 1 and linear constraint 2 have the same name "constraint2"
Gurobi Optimizer version 9.1.2 build v9.1.2rc0 (mac64)
Thread count: 4 physical cores, 8 logical processors, using up to 8 threads
Optimize a model with 79 rows, 1862 columns and 2102 nonzeros
Model fingerprint: 0x1fc9756e
Variable types: 0 continuous, 1862 integer (0 binary)
Coefficient statistics:
  Matrix range     [1e+00, 1e+00]
  Objective range  [1e+00, 1e+00]
  Bounds range     [0e+00, 0e+00]
  RHS range        [1e+00, 1e+00]
Found heuristic solution: objective 2.0000000
Presolve removed 24 rows and 1592 columns
Presolve time: 0.01s
Presolved: 55 rows, 270 columns, 472 nonzeros
Variable types: 0 continuous, 270 integer (0 binary)

Root relaxation: cutoff, 12 iterations, 0.00 seconds

    Nodes    |    Current Node    |     Objective Bounds      |     Work
 Expl Unexpl |  Obj  Depth IntInf | Incumbent    BestBd   Gap | It/Node Time

     0     0     cutoff    0         2.00000    2.00000  0.00%     -    0s

Explored 0 nodes (12 simplex iterations) in 0.01 seconds
Thread count was 8 (of 8 available processors)

Solution count 1: 2 

Optimal solution found (tolerance 1.00e-04)
Best objective 2.000000000000e+00, best bound 2.000000000000e+00, gap 0.0000%

Gurobi 9.1.2 (mac64) logging started Sat Jun 12 18:46:43 2021

Academic license - for non-commercial use only - expires 2021-07-31

Gurobi 9.1.2 (mac64) logging started Sat Jun 12 18:46:59 2021

Academic license - for non-commercial use only - expires 2021-07-31
Warning: linear constraint 1 and linear constraint 2 have the same name "constraint2"
Gurobi Optimizer version 9.1.2 build v9.1.2rc0 (mac64)
Thread count: 4 physical cores, 8 logical processors, using up to 8 threads
Optimize a model with 79 rows, 1862 columns and 2102 nonzeros
Model fingerprint: 0x1fc9756e
Variable types: 0 continuous, 1862 integer (0 binary)
Coefficient statistics:
  Matrix range     [1e+00, 1e+00]
  Objective range  [1e+00, 1e+00]
  Bounds range     [0e+00, 0e+00]
  RHS range        [1e+00, 1e+00]
Found heuristic solution: objective 2.0000000
Presolve removed 24 rows and 1592 columns
Presolve time: 0.00s
Presolved: 55 rows, 270 columns, 472 nonzeros
Variable types: 0 continuous, 270 integer (0 binary)

Root relaxation: cutoff, 12 iterations, 0.00 seconds

    Nodes    |    Current Node    |     Objective Bounds      |     Work
 Expl Unexpl |  Obj  Depth IntInf | Incumbent    BestBd   Gap | It/Node Time

     0     0     cutoff    0         2.00000    2.00000  0.00%     -    0s

Explored 0 nodes (12 simplex iterations) in 0.01 seconds
Thread count was 8 (of 8 available processors)

Solution count 1: 2 

Optimal solution found (tolerance 1.00e-04)
Best objective 2.000000000000e+00, best bound 2.000000000000e+00, gap 0.0000%

Gurobi 9.1.2 (mac64) logging started Sat Jun 12 18:47:00 2021

Academic license - for non-commercial use only - expires 2021-07-31

Gurobi 9.1.2 (mac64) logging started Sat Jun 12 19:04:47 2021

Academic license - for non-commercial use only - expires 2021-07-31
Gurobi Optimizer version 9.1.2 build v9.1.2rc0 (mac64)
Thread count: 4 physical cores, 8 logical processors, using up to 8 threads
Optimize a model with 3 rows, 1862 columns and 24 nonzeros
Model fingerprint: 0xd3dbfae3
Variable types: 0 continuous, 1862 integer (0 binary)
Coefficient statistics:
  Matrix range     [1e+00, 1e+00]
  Objective range  [1e+00, 1e+00]
  Bounds range     [0e+00, 0e+00]
  RHS range        [1e+00, 1e+00]
Found heuristic solution: objective 1.0000000
Presolve removed 3 rows and 1862 columns
Presolve time: 0.00s
Presolve: All rows and columns removed

Explored 0 nodes (0 simplex iterations) in 0.00 seconds
Thread count was 1 (of 8 available processors)

Solution count 1: 1 

Optimal solution found (tolerance 1.00e-04)
Best objective 1.000000000000e+00, best bound 1.000000000000e+00, gap 0.0000%
Gurobi Optimizer version 9.1.2 build v9.1.2rc0 (mac64)
Thread count: 4 physical cores, 8 logical processors, using up to 8 threads
Optimize a model with 3 rows, 1862 columns and 24 nonzeros
Model fingerprint: 0xd3dbfae3
Variable types: 0 continuous, 1862 integer (0 binary)
Coefficient statistics:
  Matrix range     [1e+00, 1e+00]
  Objective range  [1e+00, 1e+00]
  Bounds range     [0e+00, 0e+00]
  RHS range        [1e+00, 1e+00]
Found heuristic solution: objective 1.0000000
Presolve removed 3 rows and 1862 columns
Presolve time: 0.00s
Presolve: All rows and columns removed

Explored 0 nodes (0 simplex iterations) in 0.00 seconds
Thread count was 1 (of 8 available processors)

Solution count 1: 1 

Optimal solution found (tolerance 1.00e-04)
Best objective 1.000000000000e+00, best bound 1.000000000000e+00, gap 0.0000%

Gurobi 9.1.2 (mac64) logging started Sat Jun 12 19:04:48 2021

Academic license - for non-commercial use only - expires 2021-07-31

Gurobi 9.1.2 (mac64) logging started Sat Jun 12 19:09:15 2021

Academic license - for non-commercial use only - expires 2021-07-31
Gurobi Optimizer version 9.1.2 build v9.1.2rc0 (mac64)
Thread count: 4 physical cores, 8 logical processors, using up to 8 threads
Optimize a model with 3 rows, 1862 columns and 24 nonzeros
Model fingerprint: 0xd3dbfae3
Variable types: 0 continuous, 1862 integer (0 binary)
Coefficient statistics:
  Matrix range     [1e+00, 1e+00]
  Objective range  [1e+00, 1e+00]
  Bounds range     [0e+00, 0e+00]
  RHS range        [1e+00, 1e+00]
Found heuristic solution: objective 1.0000000
Presolve removed 3 rows and 1862 columns
Presolve time: 0.00s
Presolve: All rows and columns removed

Explored 0 nodes (0 simplex iterations) in 0.00 seconds
Thread count was 1 (of 8 available processors)

Solution count 1: 1 

Optimal solution found (tolerance 1.00e-04)
Best objective 1.000000000000e+00, best bound 1.000000000000e+00, gap 0.0000%
Gurobi Optimizer version 9.1.2 build v9.1.2rc0 (mac64)
Thread count: 4 physical cores, 8 logical processors, using up to 8 threads
Optimize a model with 3 rows, 1862 columns and 24 nonzeros
Model fingerprint: 0xd3dbfae3
Variable types: 0 continuous, 1862 integer (0 binary)
Coefficient statistics:
  Matrix range     [1e+00, 1e+00]
  Objective range  [1e+00, 1e+00]
  Bounds range     [0e+00, 0e+00]
  RHS range        [1e+00, 1e+00]
Found heuristic solution: objective 1.0000000
Presolve removed 3 rows and 1862 columns
Presolve time: 0.00s
Presolve: All rows and columns removed

Explored 0 nodes (0 simplex iterations) in 0.00 seconds
Thread count was 1 (of 8 available processors)

Solution count 1: 1 

Optimal solution found (tolerance 1.00e-04)
Best objective 1.000000000000e+00, best bound 1.000000000000e+00, gap 0.0000%

Gurobi 9.1.2 (mac64) logging started Sat Jun 12 19:09:16 2021

Academic license - for non-commercial use only - expires 2021-07-31

Gurobi 9.1.2 (mac64) logging started Sat Jun 12 19:10:30 2021

Academic license - for non-commercial use only - expires 2021-07-31
Gurobi Optimizer version 9.1.2 build v9.1.2rc0 (mac64)
Thread count: 4 physical cores, 8 logical processors, using up to 8 threads
Optimize a model with 3 rows, 1862 columns and 24 nonzeros
Model fingerprint: 0xd3dbfae3
Variable types: 0 continuous, 1862 integer (0 binary)
Coefficient statistics:
  Matrix range     [1e+00, 1e+00]
  Objective range  [1e+00, 1e+00]
  Bounds range     [0e+00, 0e+00]
  RHS range        [1e+00, 1e+00]
Found heuristic solution: objective 1.0000000
Presolve removed 3 rows and 1862 columns
Presolve time: 0.00s
Presolve: All rows and columns removed

Explored 0 nodes (0 simplex iterations) in 0.00 seconds
Thread count was 1 (of 8 available processors)

Solution count 1: 1 

Optimal solution found (tolerance 1.00e-04)
Best objective 1.000000000000e+00, best bound 1.000000000000e+00, gap 0.0000%
Gurobi Optimizer version 9.1.2 build v9.1.2rc0 (mac64)
Thread count: 4 physical cores, 8 logical processors, using up to 8 threads
Optimize a model with 3 rows, 1862 columns and 24 nonzeros
Model fingerprint: 0xd3dbfae3
Variable types: 0 continuous, 1862 integer (0 binary)
Coefficient statistics:
  Matrix range     [1e+00, 1e+00]
  Objective range  [1e+00, 1e+00]
  Bounds range     [0e+00, 0e+00]
  RHS range        [1e+00, 1e+00]
Found heuristic solution: objective 1.0000000
Presolve removed 3 rows and 1862 columns
Presolve time: 0.00s
Presolve: All rows and columns removed

Explored 0 nodes (0 simplex iterations) in 0.00 seconds
Thread count was 1 (of 8 available processors)

Solution count 1: 1 

Optimal solution found (tolerance 1.00e-04)
Best objective 1.000000000000e+00, best bound 1.000000000000e+00, gap 0.0000%

Gurobi 9.1.2 (mac64) logging started Sat Jun 12 19:10:30 2021

Academic license - for non-commercial use only - expires 2021-07-31

Gurobi 9.1.2 (mac64) logging started Sat Jun 12 19:35:35 2021

Academic license - for non-commercial use only - expires 2021-07-31
Gurobi Optimizer version 9.1.2 build v9.1.2rc0 (mac64)
Thread count: 4 physical cores, 8 logical processors, using up to 8 threads
Optimize a model with 3 rows, 1862 columns and 24 nonzeros
Model fingerprint: 0xd3dbfae3
Variable types: 0 continuous, 1862 integer (0 binary)
Coefficient statistics:
  Matrix range     [1e+00, 1e+00]
  Objective range  [1e+00, 1e+00]
  Bounds range     [0e+00, 0e+00]
  RHS range        [1e+00, 1e+00]
Found heuristic solution: objective 1.0000000
Presolve removed 3 rows and 1862 columns
Presolve time: 0.00s
Presolve: All rows and columns removed

Explored 0 nodes (0 simplex iterations) in 0.00 seconds
Thread count was 1 (of 8 available processors)

Solution count 1: 1 

Optimal solution found (tolerance 1.00e-04)
Best objective 1.000000000000e+00, best bound 1.000000000000e+00, gap 0.0000%
Gurobi Optimizer version 9.1.2 build v9.1.2rc0 (mac64)
Thread count: 4 physical cores, 8 logical processors, using up to 8 threads
Optimize a model with 3 rows, 1862 columns and 24 nonzeros
Model fingerprint: 0xd3dbfae3
Variable types: 0 continuous, 1862 integer (0 binary)
Coefficient statistics:
  Matrix range     [1e+00, 1e+00]
  Objective range  [1e+00, 1e+00]
  Bounds range     [0e+00, 0e+00]
  RHS range        [1e+00, 1e+00]
Found heuristic solution: objective 1.0000000
Presolve removed 3 rows and 1862 columns
Presolve time: 0.00s
Presolve: All rows and columns removed

Explored 0 nodes (0 simplex iterations) in 0.00 seconds
Thread count was 1 (of 8 available processors)

Solution count 1: 1 

Optimal solution found (tolerance 1.00e-04)
Best objective 1.000000000000e+00, best bound 1.000000000000e+00, gap 0.0000%

Gurobi 9.1.2 (mac64) logging started Sat Jun 12 19:35:36 2021

Academic license - for non-commercial use only - expires 2021-07-31

Gurobi 9.1.2 (mac64) logging started Sat Jun 12 19:40:47 2021

Academic license - for non-commercial use only - expires 2021-07-31
Gurobi Optimizer version 9.1.2 build v9.1.2rc0 (mac64)
Thread count: 4 physical cores, 8 logical processors, using up to 8 threads
Optimize a model with 3 rows, 1862 columns and 24 nonzeros
Model fingerprint: 0xd3dbfae3
Variable types: 0 continuous, 1862 integer (0 binary)
Coefficient statistics:
  Matrix range     [1e+00, 1e+00]
  Objective range  [1e+00, 1e+00]
  Bounds range     [0e+00, 0e+00]
  RHS range        [1e+00, 1e+00]
Found heuristic solution: objective 1.0000000
Presolve removed 3 rows and 1862 columns
Presolve time: 0.00s
Presolve: All rows and columns removed

Explored 0 nodes (0 simplex iterations) in 0.00 seconds
Thread count was 1 (of 8 available processors)

Solution count 1: 1 

Optimal solution found (tolerance 1.00e-04)
Best objective 1.000000000000e+00, best bound 1.000000000000e+00, gap 0.0000%
Gurobi Optimizer version 9.1.2 build v9.1.2rc0 (mac64)
Thread count: 4 physical cores, 8 logical processors, using up to 8 threads
Optimize a model with 3 rows, 1862 columns and 24 nonzeros
Model fingerprint: 0xd3dbfae3
Variable types: 0 continuous, 1862 integer (0 binary)
Coefficient statistics:
  Matrix range     [1e+00, 1e+00]
  Objective range  [1e+00, 1e+00]
  Bounds range     [0e+00, 0e+00]
  RHS range        [1e+00, 1e+00]
Found heuristic solution: objective 1.0000000
Presolve removed 3 rows and 1862 columns
Presolve time: 0.00s
Presolve: All rows and columns removed

Explored 0 nodes (0 simplex iterations) in 0.00 seconds
Thread count was 1 (of 8 available processors)

Solution count 1: 1 

Optimal solution found (tolerance 1.00e-04)
Best objective 1.000000000000e+00, best bound 1.000000000000e+00, gap 0.0000%

Gurobi 9.1.2 (mac64) logging started Sat Jun 12 19:40:48 2021

Academic license - for non-commercial use only - expires 2021-07-31

Gurobi 9.1.2 (mac64) logging started Sun Jun 13 22:04:17 2021

Academic license - for non-commercial use only - expires 2021-07-31
Gurobi Optimizer version 9.1.2 build v9.1.2rc0 (mac64)
Thread count: 4 physical cores, 8 logical processors, using up to 8 threads
Optimize a model with 3 rows, 1862 columns and 24 nonzeros
Model fingerprint: 0xd3dbfae3
Variable types: 0 continuous, 1862 integer (0 binary)
Coefficient statistics:
  Matrix range     [1e+00, 1e+00]
  Objective range  [1e+00, 1e+00]
  Bounds range     [0e+00, 0e+00]
  RHS range        [1e+00, 1e+00]
Found heuristic solution: objective 1.0000000
Presolve removed 3 rows and 1862 columns
Presolve time: 0.00s
Presolve: All rows and columns removed

Explored 0 nodes (0 simplex iterations) in 0.00 seconds
Thread count was 1 (of 8 available processors)

Solution count 1: 1 

Optimal solution found (tolerance 1.00e-04)
Best objective 1.000000000000e+00, best bound 1.000000000000e+00, gap 0.0000%
Gurobi Optimizer version 9.1.2 build v9.1.2rc0 (mac64)
Thread count: 4 physical cores, 8 logical processors, using up to 8 threads
Optimize a model with 3 rows, 1862 columns and 24 nonzeros
Model fingerprint: 0xd3dbfae3
Variable types: 0 continuous, 1862 integer (0 binary)
Coefficient statistics:
  Matrix range     [1e+00, 1e+00]
  Objective range  [1e+00, 1e+00]
  Bounds range     [0e+00, 0e+00]
  RHS range        [1e+00, 1e+00]
Found heuristic solution: objective 1.0000000
Presolve removed 3 rows and 1862 columns
Presolve time: 0.00s
Presolve: All rows and columns removed

Explored 0 nodes (0 simplex iterations) in 0.00 seconds
Thread count was 1 (of 8 available processors)

Solution count 1: 1 

Optimal solution found (tolerance 1.00e-04)
Best objective 1.000000000000e+00, best bound 1.000000000000e+00, gap 0.0000%

Gurobi 9.1.2 (mac64) logging started Sun Jun 13 22:04:18 2021

Academic license - for non-commercial use only - expires 2021-07-31

Gurobi 9.1.2 (mac64) logging started Sun Jun 13 22:49:22 2021

Academic license - for non-commercial use only - expires 2021-07-31
Gurobi Optimizer version 9.1.2 build v9.1.2rc0 (mac64)
Thread count: 4 physical cores, 8 logical processors, using up to 8 threads
Optimize a model with 3 rows, 1862 columns and 24 nonzeros
Model fingerprint: 0xd3dbfae3
Variable types: 0 continuous, 1862 integer (0 binary)
Coefficient statistics:
  Matrix range     [1e+00, 1e+00]
  Objective range  [1e+00, 1e+00]
  Bounds range     [0e+00, 0e+00]
  RHS range        [1e+00, 1e+00]
Found heuristic solution: objective 1.0000000
Presolve removed 3 rows and 1862 columns
Presolve time: 0.00s
Presolve: All rows and columns removed

Explored 0 nodes (0 simplex iterations) in 0.00 seconds
Thread count was 1 (of 8 available processors)

Solution count 1: 1 

Optimal solution found (tolerance 1.00e-04)
Best objective 1.000000000000e+00, best bound 1.000000000000e+00, gap 0.0000%
Gurobi Optimizer version 9.1.2 build v9.1.2rc0 (mac64)
Thread count: 4 physical cores, 8 logical processors, using up to 8 threads
Optimize a model with 3 rows, 1862 columns and 24 nonzeros
Model fingerprint: 0xd3dbfae3
Variable types: 0 continuous, 1862 integer (0 binary)
Coefficient statistics:
  Matrix range     [1e+00, 1e+00]
  Objective range  [1e+00, 1e+00]
  Bounds range     [0e+00, 0e+00]
  RHS range        [1e+00, 1e+00]
Found heuristic solution: objective 1.0000000
Presolve removed 3 rows and 1862 columns
Presolve time: 0.00s
Presolve: All rows and columns removed

Explored 0 nodes (0 simplex iterations) in 0.00 seconds
Thread count was 1 (of 8 available processors)

Solution count 1: 1 

Optimal solution found (tolerance 1.00e-04)
Best objective 1.000000000000e+00, best bound 1.000000000000e+00, gap 0.0000%

Gurobi 9.1.2 (mac64) logging started Sun Jun 13 22:49:22 2021

Academic license - for non-commercial use only - expires 2021-07-31

Gurobi 9.1.2 (mac64) logging started Sun Jun 13 22:51:25 2021

Academic license - for non-commercial use only - expires 2021-07-31
Gurobi Optimizer version 9.1.2 build v9.1.2rc0 (mac64)
Thread count: 4 physical cores, 8 logical processors, using up to 8 threads
Optimize a model with 3 rows, 1862 columns and 24 nonzeros
Model fingerprint: 0xd3dbfae3
Variable types: 0 continuous, 1862 integer (0 binary)
Coefficient statistics:
  Matrix range     [1e+00, 1e+00]
  Objective range  [1e+00, 1e+00]
  Bounds range     [0e+00, 0e+00]
  RHS range        [1e+00, 1e+00]
Found heuristic solution: objective 1.0000000
Presolve removed 3 rows and 1862 columns
Presolve time: 0.00s
Presolve: All rows and columns removed

Explored 0 nodes (0 simplex iterations) in 0.00 seconds
Thread count was 1 (of 8 available processors)

Solution count 1: 1 

Optimal solution found (tolerance 1.00e-04)
Best objective 1.000000000000e+00, best bound 1.000000000000e+00, gap 0.0000%
Gurobi Optimizer version 9.1.2 build v9.1.2rc0 (mac64)
Thread count: 4 physical cores, 8 logical processors, using up to 8 threads
Optimize a model with 3 rows, 1862 columns and 24 nonzeros
Model fingerprint: 0xd3dbfae3
Variable types: 0 continuous, 1862 integer (0 binary)
Coefficient statistics:
  Matrix range     [1e+00, 1e+00]
  Objective range  [1e+00, 1e+00]
  Bounds range     [0e+00, 0e+00]
  RHS range        [1e+00, 1e+00]
Found heuristic solution: objective 1.0000000
Presolve removed 3 rows and 1862 columns
Presolve time: 0.00s
Presolve: All rows and columns removed

Explored 0 nodes (0 simplex iterations) in 0.00 seconds
Thread count was 1 (of 8 available processors)

Solution count 1: 1 

Optimal solution found (tolerance 1.00e-04)
Best objective 1.000000000000e+00, best bound 1.000000000000e+00, gap 0.0000%

Gurobi 9.1.2 (mac64) logging started Sun Jun 13 22:51:26 2021

Academic license - for non-commercial use only - expires 2021-07-31

Gurobi 9.1.2 (mac64) logging started Sun Jun 13 23:07:48 2021

Academic license - for non-commercial use only - expires 2021-07-31
Gurobi Optimizer version 9.1.2 build v9.1.2rc0 (mac64)
Thread count: 4 physical cores, 8 logical processors, using up to 8 threads
Optimize a model with 3 rows, 1862 columns and 24 nonzeros
Model fingerprint: 0xd3dbfae3
Variable types: 0 continuous, 1862 integer (0 binary)
Coefficient statistics:
  Matrix range     [1e+00, 1e+00]
  Objective range  [1e+00, 1e+00]
  Bounds range     [0e+00, 0e+00]
  RHS range        [1e+00, 1e+00]
Found heuristic solution: objective 1.0000000
Presolve removed 3 rows and 1862 columns
Presolve time: 0.00s
Presolve: All rows and columns removed

Explored 0 nodes (0 simplex iterations) in 0.00 seconds
Thread count was 1 (of 8 available processors)

Solution count 1: 1 

Optimal solution found (tolerance 1.00e-04)
Best objective 1.000000000000e+00, best bound 1.000000000000e+00, gap 0.0000%
Gurobi Optimizer version 9.1.2 build v9.1.2rc0 (mac64)
Thread count: 4 physical cores, 8 logical processors, using up to 8 threads
Optimize a model with 3 rows, 1862 columns and 24 nonzeros
Model fingerprint: 0xd3dbfae3
Variable types: 0 continuous, 1862 integer (0 binary)
Coefficient statistics:
  Matrix range     [1e+00, 1e+00]
  Objective range  [1e+00, 1e+00]
  Bounds range     [0e+00, 0e+00]
  RHS range        [1e+00, 1e+00]
Found heuristic solution: objective 1.0000000
Presolve removed 3 rows and 1862 columns
Presolve time: 0.00s
Presolve: All rows and columns removed

Explored 0 nodes (0 simplex iterations) in 0.00 seconds
Thread count was 1 (of 8 available processors)

Solution count 1: 1 

Optimal solution found (tolerance 1.00e-04)
Best objective 1.000000000000e+00, best bound 1.000000000000e+00, gap 0.0000%

Gurobi 9.1.2 (mac64) logging started Sun Jun 13 23:07:49 2021

Academic license - for non-commercial use only - expires 2021-07-31

Gurobi 9.1.2 (mac64) logging started Sun Jun 13 23:12:34 2021

Academic license - for non-commercial use only - expires 2021-07-31
Gurobi Optimizer version 9.1.2 build v9.1.2rc0 (mac64)
Thread count: 4 physical cores, 8 logical processors, using up to 8 threads
Optimize a model with 3 rows, 1862 columns and 24 nonzeros
Model fingerprint: 0xd3dbfae3
Variable types: 0 continuous, 1862 integer (0 binary)
Coefficient statistics:
  Matrix range     [1e+00, 1e+00]
  Objective range  [1e+00, 1e+00]
  Bounds range     [0e+00, 0e+00]
  RHS range        [1e+00, 1e+00]
Found heuristic solution: objective 1.0000000
Presolve removed 3 rows and 1862 columns
Presolve time: 0.00s
Presolve: All rows and columns removed

Explored 0 nodes (0 simplex iterations) in 0.00 seconds
Thread count was 1 (of 8 available processors)

Solution count 1: 1 

Optimal solution found (tolerance 1.00e-04)
Best objective 1.000000000000e+00, best bound 1.000000000000e+00, gap 0.0000%
Gurobi Optimizer version 9.1.2 build v9.1.2rc0 (mac64)
Thread count: 4 physical cores, 8 logical processors, using up to 8 threads
Optimize a model with 3 rows, 1862 columns and 24 nonzeros
Model fingerprint: 0xd3dbfae3
Variable types: 0 continuous, 1862 integer (0 binary)
Coefficient statistics:
  Matrix range     [1e+00, 1e+00]
  Objective range  [1e+00, 1e+00]
  Bounds range     [0e+00, 0e+00]
  RHS range        [1e+00, 1e+00]
Found heuristic solution: objective 1.0000000
Presolve removed 3 rows and 1862 columns
Presolve time: 0.00s
Presolve: All rows and columns removed

Explored 0 nodes (0 simplex iterations) in 0.00 seconds
Thread count was 1 (of 8 available processors)

Solution count 1: 1 

Optimal solution found (tolerance 1.00e-04)
Best objective 1.000000000000e+00, best bound 1.000000000000e+00, gap 0.0000%

Gurobi 9.1.2 (mac64) logging started Sun Jun 13 23:12:35 2021

Academic license - for non-commercial use only - expires 2021-07-31
